#! /usr/bin/vvp
:ivl_version "10.3 (stable)";
:ivl_delay_selection "TYPICAL";
:vpi_time_precision + 0;
:vpi_module "system";
:vpi_module "vhdl_sys";
:vpi_module "v2005_math";
:vpi_module "va_math";
S_0x558f4f23c0d0 .scope module, "HalfAdd" "HalfAdd" 2 6;
 .timescale 0 0;
    .port_info 0 /INPUT 1 "a"
    .port_info 1 /INPUT 1 "b"
    .port_info 2 /OUTPUT 1 "c"
    .port_info 3 /OUTPUT 1 "s"
o0x7f7d04490018 .functor BUFZ 1, C4<z>; HiZ drive
o0x7f7d04490048 .functor BUFZ 1, C4<z>; HiZ drive
L_0x558f4f27ea90 .functor XOR 1, o0x7f7d04490018, o0x7f7d04490048, C4<0>, C4<0>;
L_0x558f4f27eb80 .functor AND 1, o0x7f7d04490018, o0x7f7d04490048, C4<1>, C4<1>;
v0x558f4f23c2c0_0 .net "a", 0 0, o0x7f7d04490018;  0 drivers
v0x558f4f27e790_0 .net "b", 0 0, o0x7f7d04490048;  0 drivers
v0x558f4f27e850_0 .net "c", 0 0, L_0x558f4f27eb80;  1 drivers
v0x558f4f27e920_0 .net "s", 0 0, L_0x558f4f27ea90;  1 drivers
# The file index is used to find the file name in the following table.
:file_names 3;
    "N/A";
    "<interactive>";
    "half_adder.v";
